<?xml version="1.0" encoding="UTF-8"?>
<testng-results ignored="0" total="8" passed="8" failed="0" skipped="0">
  <reporter-output>
  </reporter-output>
  <suite started-at="2020-10-26T10:50:36 EET" name="Default suite" finished-at="2020-10-26T10:50:36 EET" duration-ms="35">
    <groups>
      <group name="logout">
        <method signature="TNG_0007.clickonLogout()[pri:0, instance:seleniumMavenJUnitTestNG.TNG_0007@38d8f54a]" name="clickonLogout" class="seleniumMavenJUnitTestNG.TNG_0007"/>
      </group> <!-- logout -->
      <group name="search">
        <method signature="TNG_0007.selectLocation()[pri:0, instance:seleniumMavenJUnitTestNG.TNG_0007@38d8f54a]" name="selectLocation" class="seleniumMavenJUnitTestNG.TNG_0007"/>
        <method signature="TNG_0007.selectPreferences()[pri:0, instance:seleniumMavenJUnitTestNG.TNG_0007@38d8f54a]" name="selectPreferences" class="seleniumMavenJUnitTestNG.TNG_0007"/>
        <method signature="TNG_0007.selectDate()[pri:0, instance:seleniumMavenJUnitTestNG.TNG_0007@38d8f54a]" name="selectDate" class="seleniumMavenJUnitTestNG.TNG_0007"/>
        <method signature="TNG_0007.clickonSearch()[pri:0, instance:seleniumMavenJUnitTestNG.TNG_0007@38d8f54a]" name="clickonSearch" class="seleniumMavenJUnitTestNG.TNG_0007"/>
      </group> <!-- search -->
      <group name="login">
        <method signature="TNG_0007.enterUsername()[pri:0, instance:seleniumMavenJUnitTestNG.TNG_0007@38d8f54a]" name="enterUsername" class="seleniumMavenJUnitTestNG.TNG_0007"/>
        <method signature="TNG_0007.enterPassword()[pri:0, instance:seleniumMavenJUnitTestNG.TNG_0007@38d8f54a]" name="enterPassword" class="seleniumMavenJUnitTestNG.TNG_0007"/>
        <method signature="TNG_0007.clickonLogin()[pri:0, instance:seleniumMavenJUnitTestNG.TNG_0007@38d8f54a]" name="clickonLogin" class="seleniumMavenJUnitTestNG.TNG_0007"/>
      </group> <!-- login -->
    </groups>
    <test started-at="2020-10-26T10:50:36 EET" name="Default test" finished-at="2020-10-26T10:50:36 EET" duration-ms="35">
      <class name="seleniumMavenJUnitTestNG.TNG_0007">
        <test-method signature="enterUsername()[pri:0, instance:seleniumMavenJUnitTestNG.TNG_0007@38d8f54a]" started-at="2020-10-26T10:50:36 EET" name="enterUsername" finished-at="2020-10-26T10:50:36 EET" duration-ms="5" status="PASS">
          <reporter-output>
          </reporter-output>
        </test-method> <!-- enterUsername -->
        <test-method signature="enterPassword()[pri:0, instance:seleniumMavenJUnitTestNG.TNG_0007@38d8f54a]" started-at="2020-10-26T10:50:36 EET" name="enterPassword" finished-at="2020-10-26T10:50:36 EET" depends-on-methods="seleniumMavenJUnitTestNG.TNG_0007.enterUsername" duration-ms="0" status="PASS">
          <reporter-output>
          </reporter-output>
        </test-method> <!-- enterPassword -->
        <test-method signature="clickonLogin()[pri:0, instance:seleniumMavenJUnitTestNG.TNG_0007@38d8f54a]" started-at="2020-10-26T10:50:36 EET" name="clickonLogin" finished-at="2020-10-26T10:50:36 EET" depends-on-methods="seleniumMavenJUnitTestNG.TNG_0007.enterPassword" duration-ms="0" status="PASS">
          <reporter-output>
          </reporter-output>
        </test-method> <!-- clickonLogin -->
        <test-method signature="selectLocation()[pri:0, instance:seleniumMavenJUnitTestNG.TNG_0007@38d8f54a]" started-at="2020-10-26T10:50:36 EET" name="selectLocation" finished-at="2020-10-26T10:50:36 EET" depends-on-methods="seleniumMavenJUnitTestNG.TNG_0007.clickonLogin" duration-ms="1" status="PASS">
          <reporter-output>
          </reporter-output>
        </test-method> <!-- selectLocation -->
        <test-method signature="selectPreferences()[pri:0, instance:seleniumMavenJUnitTestNG.TNG_0007@38d8f54a]" started-at="2020-10-26T10:50:36 EET" name="selectPreferences" finished-at="2020-10-26T10:50:36 EET" depends-on-methods="seleniumMavenJUnitTestNG.TNG_0007.selectLocation" duration-ms="0" status="PASS">
          <reporter-output>
          </reporter-output>
        </test-method> <!-- selectPreferences -->
        <test-method signature="selectDate()[pri:0, instance:seleniumMavenJUnitTestNG.TNG_0007@38d8f54a]" started-at="2020-10-26T10:50:36 EET" name="selectDate" finished-at="2020-10-26T10:50:36 EET" depends-on-methods="seleniumMavenJUnitTestNG.TNG_0007.selectPreferences" duration-ms="1" status="PASS">
          <reporter-output>
          </reporter-output>
        </test-method> <!-- selectDate -->
        <test-method signature="clickonSearch()[pri:0, instance:seleniumMavenJUnitTestNG.TNG_0007@38d8f54a]" started-at="2020-10-26T10:50:36 EET" name="clickonSearch" finished-at="2020-10-26T10:50:36 EET" depends-on-methods="seleniumMavenJUnitTestNG.TNG_0007.selectDate" duration-ms="1" status="PASS">
          <reporter-output>
          </reporter-output>
        </test-method> <!-- clickonSearch -->
        <test-method signature="clickonLogout()[pri:0, instance:seleniumMavenJUnitTestNG.TNG_0007@38d8f54a]" started-at="2020-10-26T10:50:36 EET" name="clickonLogout" depends-on-groups="search" finished-at="2020-10-26T10:50:36 EET" duration-ms="1" status="PASS">
          <reporter-output>
          </reporter-output>
        </test-method> <!-- clickonLogout -->
      </class> <!-- seleniumMavenJUnitTestNG.TNG_0007 -->
    </test> <!-- Default test -->
  </suite> <!-- Default suite -->
</testng-results>
