<?xml version="1.0" encoding="UTF-8"?>
<!-- Generated by org.testng.reporters.JUnitXMLReporter -->
<testsuite ignored="0" hostname="Venetas-MacBook-Pro.local" failures="0" tests="3" name="Test1" time="0.01" errors="0" timestamp="2020-10-21T11:33:17 EEST">
  <testcase classname="seleniumMavenJUnitStart.seleniumMavenJUnitStart.TNG_0002" name="test_method_0001" time="0.0"/>
  <testcase classname="seleniumMavenJUnitStart.seleniumMavenJUnitStart.TNG_0001" name="Login" time="0.001"/>
  <testcase classname="seleniumMavenJUnitStart.seleniumMavenJUnitStart.TNG_0001" name="Logout" time="0.001"/>
</testsuite> <!-- Test1 -->
