<?xml version="1.0" encoding="UTF-8"?>
<!-- Generated by org.testng.reporters.JUnitXMLReporter -->
<testsuite ignored="0" hostname="Venetas-MacBook-Pro.local" failures="0" tests="3" name="TNG_0007" time="0.008" errors="0" timestamp="2020-10-21T16:11:19 EEST">
  <testcase classname="seleniumMavenJUnitStart.seleniumMavenJUnitStart.TNG_0001" name="test_method_0001_empty" time="0.0"/>
  <testcase classname="seleniumMavenJUnitStart.seleniumMavenJUnitStart.TNG_0002" name="test_method_I_0001login" time="0.001"/>
  <testcase classname="seleniumMavenJUnitStart.seleniumMavenJUnitStart.TNG_0002" name="test_method_I_0002login" time="0.001"/>
</testsuite> <!-- TNG_0007 -->
